<?xml version="1.0" encoding="UTF-8"?>
<testsuite xmlns:xsi="http://www.w3.org/2001/XMLSchema-instance" xsi:noNamespaceSchemaLocation="https://maven.apache.org/surefire/maven-failsafe-plugin/xsd/failsafe-test-report-3.0.xsd" version="3.0" name="starter.CucumberTestSuite" time="27.309" tests="3" errors="0" skipped="0" failures="0">
  <properties>
[...]
</properties>
  <testcase name="As a user I can add item to the cart" classname="Cart" time="13.802">
    <system-out><![CDATA[22:51:50.674 [main] DEBUG io.cucumber.core.plugin.SerenityReporter -- Running feature from file:///Users/kayiin/Downloads/Persiapan%20MSIB/portofolio/Saucedemo_Web_Testing/src/test/resources/features/Cart.feature
22:51:51.062 [main] INFO  -- 

-------------------------------------------------------------------------------------
     _______. _______ .______       _______ .__   __.  __  .___________.____    ____ 
    /       ||   ____||   _  \     |   ____||  \ |  | |  | |           |\   \  /   / 
   |   (----`|  |__   |  |_)  |    |  |__   |   \|  | |  | `---|  |----` \   \/   /  
    \   \    |   __|  |      /     |   __|  |  . `  | |  |     |  |       \_    _/   
.----)   |   |  |____ |  |\  \----.|  |____ |  |\   | |  |     |  |         |  |     
|_______/    |_______|| _| `._____||_______||__| \__| |__|     |__|         |__|    
                                                                                     
 News and tutorials at https://serenity-bdd.info                                     
 Documentation at https://serenity-bdd.github.io                                     
 Test Automation Training and Coaching: https://www.serenity-dojo.com                
 Commercial Support: https://www.serenity-dojo.com/serenity-bdd-enterprise-support   
 Join the Serenity Community on Gitter: https://gitter.im/serenity-bdd/serenity-core 
-------------------------------------------------------------------------------------

22:51:51.089 [main] DEBUG net.thucydides.core.steps.StepEventBus -- Test suite started for story net.thucydides.model.domain.Story@3fde800
22:51:51.122 [main] INFO  -- Test Suite Started: Cart
22:51:51.565 [main] DEBUG io.cucumber.core.plugin.SerenityReporter -- Running feature from file:///Users/kayiin/Downloads/Persiapan%20MSIB/portofolio/Saucedemo_Web_Testing/src/test/resources/features/Login.feature
22:51:51.582 [main] DEBUG net.thucydides.core.steps.StepEventBus -- Test suite started for story net.thucydides.model.domain.Story@8c5fe920
22:51:51.583 [main] INFO  -- Test Suite Started: Login
22:51:51.585 [main] DEBUG io.cucumber.core.plugin.SerenityReporter -- Running feature from file:///Users/kayiin/Downloads/Persiapan%20MSIB/portofolio/Saucedemo_Web_Testing/src/test/resources/features/Cart.feature
22:51:51.616 [main] DEBUG net.thucydides.core.steps.StepEventBus -- Test suite started for story net.thucydides.model.domain.Story@3fde800
22:51:51.617 [main] INFO  -- Test Suite Started: Cart

Scenario: As a user I can add item to the cart &amp#27;[90m# src/test/resources/features/Cart.feature:6&amp#27;[0m
22:51:52.094 [main] DEBUG io.cucumber.core.plugin.SerenityReporter -- Running feature from file:///Users/kayiin/Downloads/Persiapan%20MSIB/portofolio/Saucedemo_Web_Testing/src/test/resources/features/Cart.feature
22:51:52.666 [main] INFO  -- 
  _____   ___   ___   _____     ___   _____     _     ___   _____   ___   ___  
 |_   _| | __| / __| |_   _|   / __| |_   _|   /_\   | _ \ |_   _| | __| |   \ 
   | |   | _|  \__ \   | |     \__ \   | |    / _ \  |   /   | |   | _|  | |) |
   |_|   |___| |___/   |_|     |___/   |_|   /_/ \_\ |_|_\   |_|   |___| |___/ 

As a user I can add item to the cart(cart;as-a-user-i-can-add-item-to-the-cart)
--------------------------------------------------------------------------------
22:51:55.542 [main] INFO net.serenitybdd.core.webdriver.driverproviders.ChromeDriverProvider -- Starting Chrome driver instance with capabilities:
22:51:55.546 [main] INFO net.serenitybdd.core.webdriver.driverproviders.ChromeDriverProvider -- Capabilities {acceptInsecureCerts: false, browserName: chrome, goog:chromeOptions: {args: [remote-allow-origins=*], extensions: []}}
22:52:02.222 [main] DEBUG net.serenitybdd.core.photography.Darkroom -- Opening darkroom
22:52:02.224 [Darkroom Processing Line] DEBUG net.serenitybdd.core.photography.DarkroomProcessingLine -- Darkroom processing line starting up
22:52:02.783 [main] DEBUG net.serenitybdd.core.photography.Darkroom -- Send negative for processing for /Users/kayiin/Downloads/Persiapan MSIB/portofolio/Saucedemo_Web_Testing/target/site/serenity/7ebb9bcf215e7b81cf7e7fb7c72503dab866f0e56a853edece7df05e8ec3e1e2.png
22:52:02.783 [Darkroom Processing Line] DEBUG net.serenitybdd.core.photography.DarkroomProcessingLine -- Processing screenshot image in /var/screenshots/screenshot-17067227033680989169
22:52:02.784 [Darkroom Processing Line] DEBUG net.serenitybdd.core.photography.DarkroomProcessingLine -- Saving screenshot to /Users/kayiin/Downloads/Persiapan MSIB/portofolio/Saucedemo_Web_Testing/target/site/serenity/7ebb9bcf215e7b81cf7e7fb7c72503dab866f0e56a853edece7df05e8ec3e1e2.png
22:52:02.787 [main] DEBUG net.thucydides.core.steps.StepInterceptor -- STARTING STEP: LoginSteps.onTheLoginPage - validateOnLoginPage
22:52:02.988 [main] DEBUG net.serenitybdd.core.photography.Darkroom -- Send negative for processing for /Users/kayiin/Downloads/Persiapan MSIB/portofolio/Saucedemo_Web_Testing/target/site/serenity/7ebb9bcf215e7b81cf7e7fb7c72503dab866f0e56a853edece7df05e8ec3e1e2.png
22:52:02.990 [main] DEBUG net.thucydides.core.steps.StepInterceptor -- STEP DONE: validateOnLoginPage
  &amp#27;[32mGiven &amp#27;[0m&amp#27;[32mI am on the login page&amp#27;[0m                 &amp#27;[90m# starter.stepdefinitions.LoginSteps.onTheLoginPage()&amp#27;[0m
22:52:03.160 [main] DEBUG net.serenitybdd.core.photography.Darkroom -- Send negative for processing for /Users/kayiin/Downloads/Persiapan MSIB/portofolio/Saucedemo_Web_Testing/target/site/serenity/7ebb9bcf215e7b81cf7e7fb7c72503dab866f0e56a853edece7df05e8ec3e1e2.png
22:52:03.161 [main] DEBUG net.thucydides.core.steps.StepInterceptor -- STARTING STEP: LoginSteps.inputValidUsername - inputUsername
22:52:03.529 [main] DEBUG net.serenitybdd.core.photography.Darkroom -- Send negative for processing for /Users/kayiin/Downloads/Persiapan MSIB/portofolio/Saucedemo_Web_Testing/target/site/serenity/1302de4429254f0231cfc9cf44eef5ea74180f35690b382071d4d5ab3cf60908.png
22:52:03.529 [Darkroom Processing Line] DEBUG net.serenitybdd.core.photography.DarkroomProcessingLine -- Processing screenshot image in /var/screenshots/screenshot-9744561387042527207
22:52:03.529 [Darkroom Processing Line] DEBUG net.serenitybdd.core.photography.DarkroomProcessingLine -- Saving screenshot to /Users/kayiin/Downloads/Persiapan MSIB/portofolio/Saucedemo_Web_Testing/target/site/serenity/1302de4429254f0231cfc9cf44eef5ea74180f35690b382071d4d5ab3cf60908.png
22:52:03.529 [main] DEBUG net.thucydides.core.steps.StepInterceptor -- STEP DONE: inputUsername
  &amp#27;[32mWhen &amp#27;[0m&amp#27;[32mI input valid username&amp#27;[0m                  &amp#27;[90m# starter.stepdefinitions.LoginSteps.inputValidUsername()&amp#27;[0m
22:52:03.550 [main] DEBUG net.thucydides.core.steps.StepInterceptor -- STARTING STEP: LoginSteps.inputValidPassword - inputPassword
22:52:03.836 [main] DEBUG net.serenitybdd.core.photography.Darkroom -- Send negative for processing for /Users/kayiin/Downloads/Persiapan MSIB/portofolio/Saucedemo_Web_Testing/target/site/serenity/b75c1245aba87560aabe20baf8f47229bce63b5db016b908a63df8355a14774d.png
22:52:03.837 [Darkroom Processing Line] DEBUG net.serenitybdd.core.photography.DarkroomProcessingLine -- Processing screenshot image in /var/screenshots/screenshot-5143519284715245525
22:52:03.837 [Darkroom Processing Line] DEBUG net.serenitybdd.core.photography.DarkroomProcessingLine -- Saving screenshot to /Users/kayiin/Downloads/Persiapan MSIB/portofolio/Saucedemo_Web_Testing/target/site/serenity/b75c1245aba87560aabe20baf8f47229bce63b5db016b908a63df8355a14774d.png
22:52:03.838 [main] DEBUG net.thucydides.core.steps.StepInterceptor -- STEP DONE: inputPassword
  &amp#27;[32mAnd &amp#27;[0m&amp#27;[32mI input valid password&amp#27;[0m                   &amp#27;[90m# starter.stepdefinitions.LoginSteps.inputValidPassword()&amp#27;[0m
22:52:03.867 [main] DEBUG net.thucydides.core.steps.StepInterceptor -- STARTING STEP: LoginSteps.clickLoginButton - clickLoginButton
22:52:04.401 [main] DEBUG net.serenitybdd.core.photography.Darkroom -- Send negative for processing for /Users/kayiin/Downloads/Persiapan MSIB/portofolio/Saucedemo_Web_Testing/target/site/serenity/9532f4f18b7ed9feb02c1e31a31cff9e3a2a22b4dabf4e219ac88c7ce4e116bf.png
22:52:04.401 [Darkroom Processing Line] DEBUG net.serenitybdd.core.photography.DarkroomProcessingLine -- Processing screenshot image in /var/screenshots/screenshot-4671328760628626034
22:52:04.402 [Darkroom Processing Line] DEBUG net.serenitybdd.core.photography.DarkroomProcessingLine -- Saving screenshot to /Users/kayiin/Downloads/Persiapan MSIB/portofolio/Saucedemo_Web_Testing/target/site/serenity/9532f4f18b7ed9feb02c1e31a31cff9e3a2a22b4dabf4e219ac88c7ce4e116bf.png
22:52:04.402 [main] DEBUG net.thucydides.core.steps.StepInterceptor -- STEP DONE: clickLoginButton
  &amp#27;[32mAnd &amp#27;[0m&amp#27;[32mI click login button&amp#27;[0m                     &amp#27;[90m# starter.stepdefinitions.LoginSteps.clickLoginButton()&amp#27;[0m
22:52:04.638 [main] DEBUG net.serenitybdd.core.photography.Darkroom -- Send negative for processing for /Users/kayiin/Downloads/Persiapan MSIB/portofolio/Saucedemo_Web_Testing/target/site/serenity/9532f4f18b7ed9feb02c1e31a31cff9e3a2a22b4dabf4e219ac88c7ce4e116bf.png
22:52:04.639 [main] DEBUG net.thucydides.core.steps.StepInterceptor -- STARTING STEP: CartSteps.addItemToCart - clickItemToCart
22:52:04.900 [main] DEBUG net.serenitybdd.core.photography.Darkroom -- Send negative for processing for /Users/kayiin/Downloads/Persiapan MSIB/portofolio/Saucedemo_Web_Testing/target/site/serenity/296408fd3786f80509fa3567db44b30b90ef6598008e03a693a8a36985858a11.png
22:52:04.900 [Darkroom Processing Line] DEBUG net.serenitybdd.core.photography.DarkroomProcessingLine -- Processing screenshot image in /var/screenshots/screenshot-6372239265484644480
22:52:04.900 [main] DEBUG net.thucydides.core.steps.StepInterceptor -- STEP DONE: clickItemToCart
22:52:04.900 [Darkroom Processing Line] DEBUG net.serenitybdd.core.photography.DarkroomProcessingLine -- Saving screenshot to /Users/kayiin/Downloads/Persiapan MSIB/portofolio/Saucedemo_Web_Testing/target/site/serenity/296408fd3786f80509fa3567db44b30b90ef6598008e03a693a8a36985858a11.png
  &amp#27;[32mAnd &amp#27;[0m&amp#27;[32mI add item to the cart&amp#27;[0m                   &amp#27;[90m# starter.stepdefinitions.CartSteps.addItemToCart()&amp#27;[0m
22:52:04.918 [main] DEBUG net.thucydides.core.steps.StepInterceptor -- STARTING STEP: CartSteps.itemIsAddedToCart - validateCartCounterIsDisplayed
22:52:05.105 [main] DEBUG net.serenitybdd.core.photography.Darkroom -- Send negative for processing for /Users/kayiin/Downloads/Persiapan MSIB/portofolio/Saucedemo_Web_Testing/target/site/serenity/296408fd3786f80509fa3567db44b30b90ef6598008e03a693a8a36985858a11.png
22:52:05.105 [main] DEBUG net.thucydides.core.steps.StepInterceptor -- STEP DONE: validateCartCounterIsDisplayed
22:52:05.111 [main] DEBUG net.thucydides.core.steps.StepInterceptor -- STARTING STEP: CartSteps.itemIsAddedToCart - validateCartCounter
22:52:05.144 [main] DEBUG net.thucydides.core.steps.StepInterceptor -- STEP DONE: validateCartCounter
  &amp#27;[32mThen &amp#27;[0m&amp#27;[32mthe item is added to the cart&amp#27;[0m           &amp#27;[90m# starter.stepdefinitions.CartSteps.itemIsAddedToCart()&amp#27;[0m
22:52:05.155 [main] INFO  -- 
  _____   ___   ___   _____     ___     _     ___   ___   ___   ___  
 |_   _| | __| / __| |_   _|   | _ \   /_\   / __| / __| | __| |   \ 
   | |   | _|  \__ \   | |     |  _/  / _ \  \__ \ \__ \ | _|  | |) |
   |_|   |___| |___/   |_|     |_|   /_/ \_\ |___/ |___/ |___| |___/ 

As a user I can add item to the cart
----------------------------------------------------------------------
]]></system-out>
    <system-err><![CDATA[Mei 13, 2024 10:51:59 PM org.openqa.selenium.devtools.CdpVersionFinder findNearestMatch
WARNING: Unable to find an exact match for CDP version 124, returning the closest version; found: 122; Please update to a Selenium version that supports CDP version 124
]]></system-err>
  </testcase>
  <testcase name="As a user I can login with valid credentials" classname="Login" time="5.993">
    <system-out><![CDATA[22:52:05.440 [main] DEBUG io.cucumber.core.plugin.SerenityReporter -- Running feature from file:///Users/kayiin/Downloads/Persiapan%20MSIB/portofolio/Saucedemo_Web_Testing/src/test/resources/features/Login.feature
22:52:05.444 [main] DEBUG net.thucydides.core.steps.StepEventBus -- Test suite started for story net.thucydides.model.domain.Story@8c5fe920
22:52:05.445 [main] INFO  -- Test Suite Started: Login

@Normal-user
Scenario: As a user I can login with valid credentials &amp#27;[90m# src/test/resources/features/Login.feature:10&amp#27;[0m
22:52:05.478 [main] DEBUG io.cucumber.core.plugin.SerenityReporter -- Running feature from file:///Users/kayiin/Downloads/Persiapan%20MSIB/portofolio/Saucedemo_Web_Testing/src/test/resources/features/Login.feature
22:52:05.481 [main] INFO  -- 
  _____   ___   ___   _____     ___   _____     _     ___   _____   ___   ___  
 |_   _| | __| / __| |_   _|   / __| |_   _|   /_\   | _ \ |_   _| | __| |   \ 
   | |   | _|  \__ \   | |     \__ \   | |    / _ \  |   /   | |   | _|  | |) |
   |_|   |___| |___/   |_|     |___/   |_|   /_/ \_\ |_|_\   |_|   |___| |___/ 

As a user I can login with valid credentials(login;as-a-user-i-can-login-with-valid-credentials)
--------------------------------------------------------------------------------
22:52:05.619 [main] INFO net.serenitybdd.core.webdriver.driverproviders.ChromeDriverProvider -- Starting Chrome driver instance with capabilities:
22:52:05.619 [main] INFO net.serenitybdd.core.webdriver.driverproviders.ChromeDriverProvider -- Capabilities {acceptInsecureCerts: false, browserName: chrome, goog:chromeOptions: {args: [remote-allow-origins=*], extensions: []}}
22:52:08.796 [main] DEBUG net.serenitybdd.core.photography.Darkroom -- Opening darkroom
22:52:08.796 [Darkroom Processing Line] DEBUG net.serenitybdd.core.photography.DarkroomProcessingLine -- Darkroom processing line starting up
22:52:09.423 [main] DEBUG net.serenitybdd.core.photography.Darkroom -- Send negative for processing for /Users/kayiin/Downloads/Persiapan MSIB/portofolio/Saucedemo_Web_Testing/target/site/serenity/7ebb9bcf215e7b81cf7e7fb7c72503dab866f0e56a853edece7df05e8ec3e1e2.png
22:52:09.423 [main] DEBUG net.thucydides.core.steps.StepInterceptor -- STARTING STEP: LoginSteps.onTheLoginPage - validateOnLoginPage
22:52:09.649 [main] DEBUG net.serenitybdd.core.photography.Darkroom -- Send negative for processing for /Users/kayiin/Downloads/Persiapan MSIB/portofolio/Saucedemo_Web_Testing/target/site/serenity/7ebb9bcf215e7b81cf7e7fb7c72503dab866f0e56a853edece7df05e8ec3e1e2.png
22:52:09.649 [main] DEBUG net.thucydides.core.steps.StepInterceptor -- STEP DONE: validateOnLoginPage
  &amp#27;[32mGiven &amp#27;[0m&amp#27;[32mI am on the login page&amp#27;[0m                         &amp#27;[90m# starter.stepdefinitions.LoginSteps.onTheLoginPage()&amp#27;[0m
22:52:09.671 [main] DEBUG net.thucydides.core.steps.StepInterceptor -- STARTING STEP: LoginSteps.inputValidUsername - inputUsername
22:52:10.058 [main] DEBUG net.serenitybdd.core.photography.Darkroom -- Send negative for processing for /Users/kayiin/Downloads/Persiapan MSIB/portofolio/Saucedemo_Web_Testing/target/site/serenity/1302de4429254f0231cfc9cf44eef5ea74180f35690b382071d4d5ab3cf60908.png
22:52:10.059 [main] DEBUG net.thucydides.core.steps.StepInterceptor -- STEP DONE: inputUsername
  &amp#27;[32mWhen &amp#27;[0m&amp#27;[32mI input valid username&amp#27;[0m                          &amp#27;[90m# starter.stepdefinitions.LoginSteps.inputValidUsername()&amp#27;[0m
22:52:10.078 [main] DEBUG net.thucydides.core.steps.StepInterceptor -- STARTING STEP: LoginSteps.inputValidPassword - inputPassword
22:52:10.329 [main] DEBUG net.serenitybdd.core.photography.Darkroom -- Send negative for processing for /Users/kayiin/Downloads/Persiapan MSIB/portofolio/Saucedemo_Web_Testing/target/site/serenity/b75c1245aba87560aabe20baf8f47229bce63b5db016b908a63df8355a14774d.png
22:52:10.330 [main] DEBUG net.thucydides.core.steps.StepInterceptor -- STEP DONE: inputPassword
  &amp#27;[32mAnd &amp#27;[0m&amp#27;[32mI input valid password&amp#27;[0m                           &amp#27;[90m# starter.stepdefinitions.LoginSteps.inputValidPassword()&amp#27;[0m
22:52:10.343 [main] DEBUG net.thucydides.core.steps.StepInterceptor -- STARTING STEP: LoginSteps.clickLoginButton - clickLoginButton
22:52:10.770 [main] DEBUG net.serenitybdd.core.photography.Darkroom -- Send negative for processing for /Users/kayiin/Downloads/Persiapan MSIB/portofolio/Saucedemo_Web_Testing/target/site/serenity/6d29260660a91746f971a0e866f559c58a15feafe2b2733d1e6fa4e51f31d7d5.png
22:52:10.771 [Darkroom Processing Line] DEBUG net.serenitybdd.core.photography.DarkroomProcessingLine -- Processing screenshot image in /var/screenshots/screenshot-4534985673092640073
22:52:10.771 [main] DEBUG net.thucydides.core.steps.StepInterceptor -- STEP DONE: clickLoginButton
22:52:10.771 [Darkroom Processing Line] DEBUG net.serenitybdd.core.photography.DarkroomProcessingLine -- Saving screenshot to /Users/kayiin/Downloads/Persiapan MSIB/portofolio/Saucedemo_Web_Testing/target/site/serenity/6d29260660a91746f971a0e866f559c58a15feafe2b2733d1e6fa4e51f31d7d5.png
  &amp#27;[32mAnd &amp#27;[0m&amp#27;[32mI click login button&amp#27;[0m                             &amp#27;[90m# starter.stepdefinitions.LoginSteps.clickLoginButton()&amp#27;[0m
22:52:10.785 [main] DEBUG net.thucydides.core.steps.StepInterceptor -- STARTING STEP: LoginSteps.onTheProductsPage - validateOnProductsPage
22:52:10.818 [main] DEBUG net.thucydides.core.steps.StepInterceptor -- STEP DONE: validateOnProductsPage
  &amp#27;[32mThen &amp#27;[0m&amp#27;[32mI am on the products page&amp#27;[0m                       &amp#27;[90m# starter.stepdefinitions.LoginSteps.onTheProductsPage()&amp#27;[0m
22:52:11.154 [main] DEBUG net.serenitybdd.core.photography.Darkroom -- Send negative for processing for /Users/kayiin/Downloads/Persiapan MSIB/portofolio/Saucedemo_Web_Testing/target/site/serenity/6d29260660a91746f971a0e866f559c58a15feafe2b2733d1e6fa4e51f31d7d5.png
22:52:11.157 [main] INFO  -- 
  _____   ___   ___   _____     ___     _     ___   ___   ___   ___  
 |_   _| | __| / __| |_   _|   | _ \   /_\   / __| / __| | __| |   \ 
   | |   | _|  \__ \   | |     |  _/  / _ \  \__ \ \__ \ | _|  | |) |
   |_|   |___| |___/   |_|     |_|   /_/ \_\ |___/ |___/ |___| |___/ 

As a user I can login with valid credentials
----------------------------------------------------------------------
]]></system-out>
    <system-err><![CDATA[Mei 13, 2024 10:52:07 PM org.openqa.selenium.devtools.CdpVersionFinder findNearestMatch
WARNING: Unable to find an exact match for CDP version 124, returning the closest version; found: 122; Please update to a Selenium version that supports CDP version 124
]]></system-err>
  </testcase>
  <testcase name="As a locked user I cannot access products page" classname="Login" time="5.951">
    <system-out><![CDATA[
@Locked-user
Scenario: As a locked user I cannot access products page                         &amp#27;[90m# src/test/resources/features/Login.feature:17&amp#27;[0m
22:52:11.453 [main] DEBUG io.cucumber.core.plugin.SerenityReporter -- Running feature from file:///Users/kayiin/Downloads/Persiapan%20MSIB/portofolio/Saucedemo_Web_Testing/src/test/resources/features/Login.feature
22:52:11.457 [main] INFO  -- 
  _____   ___   ___   _____     ___   _____     _     ___   _____   ___   ___  
 |_   _| | __| / __| |_   _|   / __| |_   _|   /_\   | _ \ |_   _| | __| |   \ 
   | |   | _|  \__ \   | |     \__ \   | |    / _ \  |   /   | |   | _|  | |) |
   |_|   |___| |___/   |_|     |___/   |_|   /_/ \_\ |_|_\   |_|   |___| |___/ 

As a locked user I cannot access products page(login;as-a-locked-user-i-cannot-access-products-page)
--------------------------------------------------------------------------------
22:52:11.688 [main] INFO net.serenitybdd.core.webdriver.driverproviders.ChromeDriverProvider -- Starting Chrome driver instance with capabilities:
22:52:11.689 [main] INFO net.serenitybdd.core.webdriver.driverproviders.ChromeDriverProvider -- Capabilities {acceptInsecureCerts: false, browserName: chrome, goog:chromeOptions: {args: [remote-allow-origins=*], extensions: []}}
22:52:15.786 [main] DEBUG net.serenitybdd.core.photography.Darkroom -- Send negative for processing for /Users/kayiin/Downloads/Persiapan MSIB/portofolio/Saucedemo_Web_Testing/target/site/serenity/110b51a9e0b7a9ec1c3b2d4ad09ab3ca31d08aeb2692c1b516cc9087b50f5167.png
22:52:15.787 [Darkroom Processing Line] DEBUG net.serenitybdd.core.photography.DarkroomProcessingLine -- Processing screenshot image in /var/screenshots/screenshot-43977207481327062
22:52:15.787 [Darkroom Processing Line] DEBUG net.serenitybdd.core.photography.DarkroomProcessingLine -- Saving screenshot to /Users/kayiin/Downloads/Persiapan MSIB/portofolio/Saucedemo_Web_Testing/target/site/serenity/110b51a9e0b7a9ec1c3b2d4ad09ab3ca31d08aeb2692c1b516cc9087b50f5167.png
22:52:15.787 [main] DEBUG net.thucydides.core.steps.StepInterceptor -- STARTING STEP: LoginSteps.onTheLoginPage - validateOnLoginPage
22:52:16.023 [main] DEBUG net.serenitybdd.core.photography.Darkroom -- Send negative for processing for /Users/kayiin/Downloads/Persiapan MSIB/portofolio/Saucedemo_Web_Testing/target/site/serenity/110b51a9e0b7a9ec1c3b2d4ad09ab3ca31d08aeb2692c1b516cc9087b50f5167.png
22:52:16.024 [main] DEBUG net.thucydides.core.steps.StepInterceptor -- STEP DONE: validateOnLoginPage
  &amp#27;[32mGiven &amp#27;[0m&amp#27;[32mI am on the login page&amp#27;[0m                                                   &amp#27;[90m# starter.stepdefinitions.LoginSteps.onTheLoginPage()&amp#27;[0m
22:52:16.045 [main] DEBUG net.thucydides.core.steps.StepInterceptor -- STARTING STEP: LoginSteps.inputLockedUsername - inputUsername
22:52:16.467 [main] DEBUG net.serenitybdd.core.photography.Darkroom -- Send negative for processing for /Users/kayiin/Downloads/Persiapan MSIB/portofolio/Saucedemo_Web_Testing/target/site/serenity/eab730ccde83c6ebf3f29f6d354dd548496a776cc3db3b60359560c5e4bcdc0b.png
22:52:16.468 [Darkroom Processing Line] DEBUG net.serenitybdd.core.photography.DarkroomProcessingLine -- Processing screenshot image in /var/screenshots/screenshot-5512899241091375527
22:52:16.468 [main] DEBUG net.thucydides.core.steps.StepInterceptor -- STEP DONE: inputUsername
22:52:16.468 [Darkroom Processing Line] DEBUG net.serenitybdd.core.photography.DarkroomProcessingLine -- Saving screenshot to /Users/kayiin/Downloads/Persiapan MSIB/portofolio/Saucedemo_Web_Testing/target/site/serenity/eab730ccde83c6ebf3f29f6d354dd548496a776cc3db3b60359560c5e4bcdc0b.png
  &amp#27;[32mWhen &amp#27;[0m&amp#27;[32mI input locked username&amp#27;[0m                                                   &amp#27;[90m# starter.stepdefinitions.LoginSteps.inputLockedUsername()&amp#27;[0m
22:52:16.481 [main] DEBUG net.thucydides.core.steps.StepInterceptor -- STARTING STEP: LoginSteps.inputValidPassword - inputPassword
22:52:16.733 [main] DEBUG net.serenitybdd.core.photography.Darkroom -- Send negative for processing for /Users/kayiin/Downloads/Persiapan MSIB/portofolio/Saucedemo_Web_Testing/target/site/serenity/5f0dbc4fc34059a2db941b18fc9f6de2f22155cbfbe39bf3185b28c2ae054672.png
22:52:16.733 [Darkroom Processing Line] DEBUG net.serenitybdd.core.photography.DarkroomProcessingLine -- Processing screenshot image in /var/screenshots/screenshot-4316609047797472685
22:52:16.733 [main] DEBUG net.thucydides.core.steps.StepInterceptor -- STEP DONE: inputPassword
22:52:16.733 [Darkroom Processing Line] DEBUG net.serenitybdd.core.photography.DarkroomProcessingLine -- Saving screenshot to /Users/kayiin/Downloads/Persiapan MSIB/portofolio/Saucedemo_Web_Testing/target/site/serenity/5f0dbc4fc34059a2db941b18fc9f6de2f22155cbfbe39bf3185b28c2ae054672.png
  &amp#27;[32mAnd &amp#27;[0m&amp#27;[32mI input valid password&amp#27;[0m                                                     &amp#27;[90m# starter.stepdefinitions.LoginSteps.inputValidPassword()&amp#27;[0m
22:52:16.747 [main] DEBUG net.thucydides.core.steps.StepInterceptor -- STARTING STEP: LoginSteps.clickLoginButton - clickLoginButton
22:52:17.009 [main] DEBUG net.serenitybdd.core.photography.Darkroom -- Send negative for processing for /Users/kayiin/Downloads/Persiapan MSIB/portofolio/Saucedemo_Web_Testing/target/site/serenity/e50e7d80618a76f4edb55da2183d54dc45087bab53f0ed14f9c5473294d55e1e.png
22:52:17.010 [main] DEBUG net.thucydides.core.steps.StepInterceptor -- STEP DONE: clickLoginButton
22:52:17.010 [Darkroom Processing Line] DEBUG net.serenitybdd.core.photography.DarkroomProcessingLine -- Processing screenshot image in /var/screenshots/screenshot-8095238544134811944
  &amp#27;[32mAnd &amp#27;[0m&amp#27;[32mI click login button&amp#27;[0m                                                       &amp#27;[90m# starter.stepdefinitions.LoginSteps.clickLoginButton()&amp#27;[0m
22:52:17.010 [Darkroom Processing Line] DEBUG net.serenitybdd.core.photography.DarkroomProcessingLine -- Saving screenshot to /Users/kayiin/Downloads/Persiapan MSIB/portofolio/Saucedemo_Web_Testing/target/site/serenity/e50e7d80618a76f4edb55da2183d54dc45087bab53f0ed14f9c5473294d55e1e.png
22:52:17.024 [main] DEBUG net.thucydides.core.steps.StepInterceptor -- STARTING STEP: LoginSteps.getErrorMessage - validateErrorMessageIsDisplayed
22:52:17.159 [main] DEBUG net.serenitybdd.core.photography.Darkroom -- Send negative for processing for /Users/kayiin/Downloads/Persiapan MSIB/portofolio/Saucedemo_Web_Testing/target/site/serenity/e50e7d80618a76f4edb55da2183d54dc45087bab53f0ed14f9c5473294d55e1e.png
22:52:17.160 [main] DEBUG net.thucydides.core.steps.StepInterceptor -- STEP DONE: validateErrorMessageIsDisplayed
22:52:17.165 [main] DEBUG net.thucydides.core.steps.StepInterceptor -- STARTING STEP: LoginSteps.getErrorMessage - validateEqualErrorMessage
22:52:17.197 [main] DEBUG net.thucydides.core.steps.StepInterceptor -- STEP DONE: validateEqualErrorMessage
  &amp#27;[32mThen &amp#27;[0m&amp#27;[32mI get error message &amp#27;[0m&amp#27;[32m&amp#27;[1m"Epic sadface: Sorry, this user has been locked out."&amp#27;[0m &amp#27;[90m# starter.stepdefinitions.LoginSteps.getErrorMessage(java.lang.String)&amp#27;[0m
22:52:17.202 [main] INFO  -- 
  _____   ___   ___   _____     ___     _     ___   ___   ___   ___  
 |_   _| | __| / __| |_   _|   | _ \   /_\   / __| / __| | __| |   \ 
   | |   | _|  \__ \   | |     |  _/  / _ \  \__ \ \__ \ | _|  | |) |
   |_|   |___| |___/   |_|     |_|   /_/ \_\ |___/ |___/ |___| |___/ 

As a locked user I cannot access products page
----------------------------------------------------------------------
]]></system-out>
    <system-err><![CDATA[Mei 13, 2024 10:52:13 PM org.openqa.selenium.devtools.CdpVersionFinder findNearestMatch
WARNING: Unable to find an exact match for CDP version 124, returning the closest version; found: 122; Please update to a Selenium version that supports CDP version 124
]]></system-err>
  </testcase>
</testsuite>